
Showing logs for build [32mcb-kubecd-environment-pr-175-1-pthb9-1[0m stage [32mfrom-build-pack[0m and container [32mstep-credential-initializer-49crr[0m
{"level":"warn","ts":1583465649.4917834,"logger":"fallback-logger","caller":"logging/config.go:69","msg":"Fetch GitHub commit ID from kodata failed: \"ref: refs/heads/0.8.0-**-support-backwards-incompats\" is not a valid GitHub commit ID"}
{"level":"info","ts":1583465649.4945464,"logger":"fallback-logger","caller":"creds-init/main.go:40","msg":"Credentials initialized."}

Showing logs for build [32mcb-kubecd-environment-pr-175-1-pthb9-1[0m stage [32mfrom-build-pack[0m and container [32mstep-working-dir-initializer-qst76[0m
{"level":"warn","ts":1583465650.544234,"logger":"fallback-logger","caller":"logging/config.go:69","msg":"Fetch GitHub commit ID from kodata failed: open /var/run/ko/HEAD: no such file or directory"}
{"level":"info","ts":1583465650.5457065,"logger":"fallback-logger","caller":"bash/main.go:64","msg":"Successfully executed command \"sh -c mkdir -p /workspace/source\"; output "}

Showing logs for build [32mcb-kubecd-environment-pr-175-1-pthb9-1[0m stage [32mfrom-build-pack[0m and container [32mstep-place-tools[0m

Showing logs for build [32mcb-kubecd-environment-pr-175-1-pthb9-1[0m stage [32mfrom-build-pack[0m and container [32mstep-git-source-cb-kubecd-environment-pr-175-1-pthb9-pp272[0m
{"level":"warn","ts":1583465656.66527,"logger":"fallback-logger","caller":"logging/config.go:69","msg":"Fetch GitHub commit ID from kodata failed: \"ref: refs/heads/0.8.0-**-support-backwards-incompats\" is not a valid GitHub commit ID"}
{"level":"info","ts":1583465657.7698143,"logger":"fallback-logger","caller":"git/git.go:103","msg":"Successfully cloned https://github.com/cb-kubecd/environment-pr-175-1-boot-gke-staging.git @ master in path /workspace/source"}

Showing logs for build [32mcb-kubecd-environment-pr-175-1-pthb9-1[0m stage [32mfrom-build-pack[0m and container [32mstep-git-merge[0m
Using SHAs from PULL_REFS=master:0be61242fca4d87cf262bec2182ffc03068ab2da,6:ebfa939332c2f19c0e8cb908e3240f963998e553
DEBUG: JX_LOG_LEVEL=error LC_ALL=C git fetch origin --unshallow ebfa939332c2f19c0e8cb908e3240f963998e553: 0be61242fca4d87cf262bec2182ffc03068ab2da:
DEBUG: ran git fetch --unshallow origin ebfa939332c2f19c0e8cb908e3240f963998e553: 0be61242fca4d87cf262bec2182ffc03068ab2da: in 
DEBUG: LC_ALL=C JX_LOG_LEVEL=error git branch
DEBUG: LC_ALL=C JX_LOG_LEVEL=error git checkout master
DEBUG: ran git checkout master in 
DEBUG: LC_ALL=C JX_LOG_LEVEL=error git reset --hard 0be61242fca4d87cf262bec2182ffc03068ab2da
DEBUG: ran git reset --hard 0be61242fca4d87cf262bec2182ffc03068ab2da in 
DEBUG: LC_ALL=C JX_LOG_LEVEL=error git clean -fd .
DEBUG: ran clean --force -d . in 
DEBUG: LC_ALL=C JX_LOG_LEVEL=error git merge ebfa939332c2f19c0e8cb908e3240f963998e553
DEBUG: ran git merge ebfa939332c2f19c0e8cb908e3240f963998e553 in 
DEBUG: LC_ALL=C JX_LOG_LEVEL=error git log --format=%H%x1f%an%x1f%ae%x1f%cn%x1f%ce%x1f%s%n%b%x1e 0be61242fca4d87cf262bec2182ffc03068ab2da..HEAD
Merged SHA ebfa939332c2f19c0e8cb908e3240f963998e553 with commit message 'chore: Promote bdd-sbhg-import-1583464867 to version 0.0.1' into base branch master

Showing logs for build [32mcb-kubecd-environment-pr-175-1-pthb9-1[0m stage [32mfrom-build-pack[0m and container [32mstep-build-helm-build[0m
WARNING: No $CHART_REPOSITORY defined so using the default value of: http://jenkins-x-chartmuseum:8080
Adding missing Helm repo: storage.googleapis.com https://storage.googleapis.com/chartmuseum.jenkins-x.io
WARNING: No secrets found on "helm/repos" due: reading the secret "helm/repos" from vault: no secret "helm/repos" not found in vault
Read credentials for https://storage.googleapis.com/chartmuseum.jenkins-x.io from vault helm/repos
Successfully added Helm repository storage.googleapis.com.
Adding missing Helm repo: jenkins-x-chartmuseum http://jenkins-x-chartmuseum:8080
WARNING: No secrets found on "helm/repos" due: reading the secret "helm/repos" from vault: no secret "helm/repos" not found in vault
Read credentials for http://jenkins-x-chartmuseum:8080 from vault helm/repos
Successfully added Helm repository jenkins-x-chartmuseum.
WARNING: No $CHART_REPOSITORY defined so using the default value of: http://jenkins-x-chartmuseum:8080
Adding missing Helm repo: chartmuseum.jenkins-x.io http://chartmuseum.jenkins-x.io
WARNING: No secrets found on "helm/repos" due: reading the secret "helm/repos" from vault: no secret "helm/repos" not found in vault
Read credentials for http://chartmuseum.jenkins-x.io from vault helm/repos
Successfully added Helm repository chartmuseum.jenkins-x.io.
