
Showing logs for build [32mcb-kubecd-environment-pr-175-1-9vtn9-1[0m stage [32mfrom-build-pack[0m and container [32mstep-credential-initializer-5h5lz[0m
{"level":"warn","ts":1583461945.5210724,"logger":"fallback-logger","caller":"logging/config.go:69","msg":"Fetch GitHub commit ID from kodata failed: \"ref: refs/heads/0.8.0-**-support-backwards-incompats\" is not a valid GitHub commit ID"}
{"level":"info","ts":1583461945.5217652,"logger":"fallback-logger","caller":"creds-init/main.go:40","msg":"Credentials initialized."}

Showing logs for build [32mcb-kubecd-environment-pr-175-1-9vtn9-1[0m stage [32mfrom-build-pack[0m and container [32mstep-working-dir-initializer-dqqzn[0m
{"level":"warn","ts":1583461946.32208,"logger":"fallback-logger","caller":"logging/config.go:69","msg":"Fetch GitHub commit ID from kodata failed: open /var/run/ko/HEAD: no such file or directory"}
{"level":"info","ts":1583461946.3232648,"logger":"fallback-logger","caller":"bash/main.go:64","msg":"Successfully executed command \"sh -c mkdir -p /workspace/source\"; output "}

Showing logs for build [32mcb-kubecd-environment-pr-175-1-9vtn9-1[0m stage [32mfrom-build-pack[0m and container [32mstep-place-tools[0m

Showing logs for build [32mcb-kubecd-environment-pr-175-1-9vtn9-1[0m stage [32mfrom-build-pack[0m and container [32mstep-git-source-cb-kubecd-environment-pr-175-1-9vtn9-hsbv9[0m
{"level":"warn","ts":1583461951.3215265,"logger":"fallback-logger","caller":"logging/config.go:69","msg":"Fetch GitHub commit ID from kodata failed: \"ref: refs/heads/0.8.0-**-support-backwards-incompats\" is not a valid GitHub commit ID"}
{"level":"info","ts":1583461952.3537471,"logger":"fallback-logger","caller":"git/git.go:103","msg":"Successfully cloned https://github.com/cb-kubecd/environment-pr-175-1-boot-gke-staging.git @ master in path /workspace/source"}

Showing logs for build [32mcb-kubecd-environment-pr-175-1-9vtn9-1[0m stage [32mfrom-build-pack[0m and container [32mstep-git-merge[0m
Using SHAs from PULL_REFS=master:96c61519bc92dc925bea768d88090a4f191a967d,1:2241342461be72f5fb3e7fcb9fdeb58727d05d42
DEBUG: LC_ALL=C JX_LOG_LEVEL=error git fetch origin --unshallow 2241342461be72f5fb3e7fcb9fdeb58727d05d42: 96c61519bc92dc925bea768d88090a4f191a967d:
DEBUG: ran git fetch --unshallow origin 2241342461be72f5fb3e7fcb9fdeb58727d05d42: 96c61519bc92dc925bea768d88090a4f191a967d: in 
DEBUG: LC_ALL=C JX_LOG_LEVEL=error git branch
DEBUG: LC_ALL=C JX_LOG_LEVEL=error git checkout master
DEBUG: ran git checkout master in 
DEBUG: JX_LOG_LEVEL=error LC_ALL=C git reset --hard 96c61519bc92dc925bea768d88090a4f191a967d
DEBUG: ran git reset --hard 96c61519bc92dc925bea768d88090a4f191a967d in 
DEBUG: LC_ALL=C JX_LOG_LEVEL=error git clean -fd .
DEBUG: ran clean --force -d . in 
DEBUG: JX_LOG_LEVEL=error LC_ALL=C git merge 2241342461be72f5fb3e7fcb9fdeb58727d05d42
DEBUG: ran git merge 2241342461be72f5fb3e7fcb9fdeb58727d05d42 in 
DEBUG: LC_ALL=C JX_LOG_LEVEL=error git log --format=%H%x1f%an%x1f%ae%x1f%cn%x1f%ce%x1f%s%n%b%x1e 96c61519bc92dc925bea768d88090a4f191a967d..HEAD
Merged SHA 2241342461be72f5fb3e7fcb9fdeb58727d05d42 with commit message 'chore: Promote bdd-spring-1583461601 to version 0.0.1' into base branch master

Showing logs for build [32mcb-kubecd-environment-pr-175-1-9vtn9-1[0m stage [32mfrom-build-pack[0m and container [32mstep-build-helm-build[0m
WARNING: No $CHART_REPOSITORY defined so using the default value of: http://jenkins-x-chartmuseum:8080
Adding missing Helm repo: storage.googleapis.com https://storage.googleapis.com/chartmuseum.jenkins-x.io
WARNING: No secrets found on "helm/repos" due: reading the secret "helm/repos" from vault: no secret "helm/repos" not found in vault
Read credentials for https://storage.googleapis.com/chartmuseum.jenkins-x.io from vault helm/repos
Successfully added Helm repository storage.googleapis.com.
Adding missing Helm repo: jenkins-x-chartmuseum http://jenkins-x-chartmuseum:8080
WARNING: No secrets found on "helm/repos" due: reading the secret "helm/repos" from vault: no secret "helm/repos" not found in vault
Read credentials for http://jenkins-x-chartmuseum:8080 from vault helm/repos
Successfully added Helm repository jenkins-x-chartmuseum.
WARNING: No $CHART_REPOSITORY defined so using the default value of: http://jenkins-x-chartmuseum:8080
Adding missing Helm repo: chartmuseum.jenkins-x.io http://chartmuseum.jenkins-x.io
WARNING: No secrets found on "helm/repos" due: reading the secret "helm/repos" from vault: no secret "helm/repos" not found in vault
Read credentials for http://chartmuseum.jenkins-x.io from vault helm/repos
Successfully added Helm repository chartmuseum.jenkins-x.io.
